ARM GAS  /tmp/ccMZusUh.s 			page 1


   1              		.syntax unified
   2              		.cpu cortex-m4
   3              		.eabi_attribute 27, 1
   4              		.eabi_attribute 28, 1
   5              		.fpu fpv4-sp-d16
   6              		.eabi_attribute 20, 1
   7              		.eabi_attribute 21, 1
   8              		.eabi_attribute 23, 3
   9              		.eabi_attribute 24, 1
  10              		.eabi_attribute 25, 1
  11              		.eabi_attribute 26, 1
  12              		.eabi_attribute 30, 1
  13              		.eabi_attribute 34, 1
  14              		.eabi_attribute 18, 4
  15              		.thumb
  16              		.syntax unified
  17              		.file	"DTW_counter.c"
  18              		.text
  19              	.Ltext0:
  20              		.cfi_sections	.debug_frame
  21              		.section	.text.DTW_counter_init,"ax",%progbits
  22              		.align	2
  23              		.global	DTW_counter_init
  24              		.thumb
  25              		.thumb_func
  27              	DTW_counter_init:
  28              	.LFB0:
  29              		.file 1 "Ourwares/DTW_counter.c"
   1:Ourwares/DTW_counter.c **** /******************************************************************************
   2:Ourwares/DTW_counter.c **** * File Name          : DTW_counter.c
   3:Ourwares/DTW_counter.c **** * Date First Issued  : 10/21/2013
   4:Ourwares/DTW_counter.c **** * Board              : STM32
   5:Ourwares/DTW_counter.c **** * Description        : Use of the DTW_CYCCNT counter
   6:Ourwares/DTW_counter.c **** *******************************************************************************/
   7:Ourwares/DTW_counter.c **** 
   8:Ourwares/DTW_counter.c **** //#include "common.h"
   9:Ourwares/DTW_counter.c **** 
  10:Ourwares/DTW_counter.c **** /******************************************************************************
  11:Ourwares/DTW_counter.c ****  * void DTW_counter_init(void);
  12:Ourwares/DTW_counter.c ****  * @brief 	: Setup the DTW counter so that it can be read
  13:Ourwares/DTW_counter.c **** *******************************************************************************/
  14:Ourwares/DTW_counter.c **** void DTW_counter_init(void)
  15:Ourwares/DTW_counter.c **** {
  30              		.loc 1 15 0
  31              		.cfi_startproc
  32              		@ args = 0, pretend = 0, frame = 0
  33              		@ frame_needed = 0, uses_anonymous_args = 0
  34              		@ link register save eliminated.
  16:Ourwares/DTW_counter.c **** /* Use DTW_CYCCNT counter for timing */
  17:Ourwares/DTW_counter.c **** /* CYCCNT counter is in the Cortex-M-series core.  See the following for details 
  18:Ourwares/DTW_counter.c **** http://infocenter.arm.com/help/index.jsp?topic=/com.arm.doc.ddi0337g/BABJFFGJ.html */
  19:Ourwares/DTW_counter.c **** 	*(volatile unsigned int*)0xE000EDFC |= 0x01000000; // SCB_DEMCR = 0x01000000;
  35              		.loc 1 19 0
  36 0000 054A     		ldr	r2, .L2
  37 0002 1368     		ldr	r3, [r2]
  38 0004 43F08073 		orr	r3, r3, #16777216
  39 0008 1360     		str	r3, [r2]
ARM GAS  /tmp/ccMZusUh.s 			page 2


  20:Ourwares/DTW_counter.c **** 	*(volatile unsigned int*)0xE0001000 |= 0x1;	// Enable DTW_CYCCNT (Data Watch cycle counter)
  40              		.loc 1 20 0
  41 000a 044A     		ldr	r2, .L2+4
  42 000c 1368     		ldr	r3, [r2]
  43 000e 43F00103 		orr	r3, r3, #1
  44 0012 1360     		str	r3, [r2]
  45 0014 7047     		bx	lr
  46              	.L3:
  47 0016 00BF     		.align	2
  48              	.L2:
  49 0018 FCED00E0 		.word	-536809988
  50 001c 001000E0 		.word	-536866816
  51              		.cfi_endproc
  52              	.LFE0:
  54              		.text
  55              	.Letext0:
ARM GAS  /tmp/ccMZusUh.s 			page 3


DEFINED SYMBOLS
                            *ABS*:00000000 DTW_counter.c
     /tmp/ccMZusUh.s:22     .text.DTW_counter_init:00000000 $t
     /tmp/ccMZusUh.s:27     .text.DTW_counter_init:00000000 DTW_counter_init
     /tmp/ccMZusUh.s:49     .text.DTW_counter_init:00000018 $d
                     .debug_frame:00000010 $d

NO UNDEFINED SYMBOLS
