ARM GAS  /tmp/ccbf03F2.s 			page 1


   1              		.syntax unified
   2              		.cpu cortex-m4
   3              		.eabi_attribute 27, 1
   4              		.eabi_attribute 28, 1
   5              		.fpu fpv4-sp-d16
   6              		.eabi_attribute 20, 1
   7              		.eabi_attribute 21, 1
   8              		.eabi_attribute 23, 3
   9              		.eabi_attribute 24, 1
  10              		.eabi_attribute 25, 1
  11              		.eabi_attribute 26, 1
  12              		.eabi_attribute 30, 1
  13              		.eabi_attribute 34, 1
  14              		.eabi_attribute 18, 4
  15              		.thumb
  16              		.syntax unified
  17              		.file	"hexbin.c"
  18              		.text
  19              	.Ltext0:
  20              		.cfi_sections	.debug_frame
  21              		.global	hxbn
  22              		.section	.rodata.hxbn,"a",%progbits
  23              		.align	2
  26              	hxbn:
  27 0000 00       		.byte	0
  28 0001 00       		.byte	0
  29 0002 00       		.byte	0
  30 0003 00       		.byte	0
  31 0004 00       		.byte	0
  32 0005 00       		.byte	0
  33 0006 00       		.byte	0
  34 0007 00       		.byte	0
  35 0008 00       		.byte	0
  36 0009 00       		.byte	0
  37 000a 00       		.byte	0
  38 000b 00       		.byte	0
  39 000c 00       		.byte	0
  40 000d 00       		.byte	0
  41 000e 00       		.byte	0
  42 000f 00       		.byte	0
  43 0010 00       		.byte	0
  44 0011 00       		.byte	0
  45 0012 00       		.byte	0
  46 0013 00       		.byte	0
  47 0014 00       		.byte	0
  48 0015 00       		.byte	0
  49 0016 00       		.byte	0
  50 0017 00       		.byte	0
  51 0018 00       		.byte	0
  52 0019 00       		.byte	0
  53 001a 00       		.byte	0
  54 001b 00       		.byte	0
  55 001c 00       		.byte	0
  56 001d 00       		.byte	0
  57 001e 00       		.byte	0
  58 001f 00       		.byte	0
  59 0020 00       		.byte	0
ARM GAS  /tmp/ccbf03F2.s 			page 2


  60 0021 00       		.byte	0
  61 0022 00       		.byte	0
  62 0023 00       		.byte	0
  63 0024 00       		.byte	0
  64 0025 00       		.byte	0
  65 0026 00       		.byte	0
  66 0027 00       		.byte	0
  67 0028 00       		.byte	0
  68 0029 00       		.byte	0
  69 002a 00       		.byte	0
  70 002b 00       		.byte	0
  71 002c 00       		.byte	0
  72 002d 00       		.byte	0
  73 002e 00       		.byte	0
  74 002f 00       		.byte	0
  75 0030 00       		.byte	0
  76 0031 01       		.byte	1
  77 0032 02       		.byte	2
  78 0033 03       		.byte	3
  79 0034 04       		.byte	4
  80 0035 05       		.byte	5
  81 0036 06       		.byte	6
  82 0037 07       		.byte	7
  83 0038 08       		.byte	8
  84 0039 09       		.byte	9
  85 003a 00       		.byte	0
  86 003b 00       		.byte	0
  87 003c 00       		.byte	0
  88 003d 00       		.byte	0
  89 003e 00       		.byte	0
  90 003f 00       		.byte	0
  91 0040 00       		.byte	0
  92 0041 0A       		.byte	10
  93 0042 0B       		.byte	11
  94 0043 0C       		.byte	12
  95 0044 0D       		.byte	13
  96 0045 0E       		.byte	14
  97 0046 0F       		.byte	15
  98 0047 00       		.byte	0
  99 0048 00       		.byte	0
 100 0049 00       		.byte	0
 101 004a 00       		.byte	0
 102 004b 00       		.byte	0
 103 004c 00       		.byte	0
 104 004d 00       		.byte	0
 105 004e 00       		.byte	0
 106 004f 00       		.byte	0
 107 0050 00       		.byte	0
 108 0051 00       		.byte	0
 109 0052 00       		.byte	0
 110 0053 00       		.byte	0
 111 0054 00       		.byte	0
 112 0055 00       		.byte	0
 113 0056 00       		.byte	0
 114 0057 00       		.byte	0
 115 0058 00       		.byte	0
 116 0059 00       		.byte	0
ARM GAS  /tmp/ccbf03F2.s 			page 3


 117 005a 00       		.byte	0
 118 005b 00       		.byte	0
 119 005c 00       		.byte	0
 120 005d 00       		.byte	0
 121 005e 00       		.byte	0
 122 005f 00       		.byte	0
 123 0060 00       		.byte	0
 124 0061 0A       		.byte	10
 125 0062 0B       		.byte	11
 126 0063 0C       		.byte	12
 127 0064 0D       		.byte	13
 128 0065 0E       		.byte	14
 129 0066 0F       		.byte	15
 130 0067 00       		.byte	0
 131 0068 00       		.byte	0
 132 0069 00       		.byte	0
 133 006a 00       		.byte	0
 134 006b 00       		.byte	0
 135 006c 00       		.byte	0
 136 006d 00       		.byte	0
 137 006e 00       		.byte	0
 138 006f 00       		.byte	0
 139 0070 00       		.byte	0
 140 0071 00       		.byte	0
 141 0072 00       		.byte	0
 142 0073 00       		.byte	0
 143 0074 00       		.byte	0
 144 0075 00       		.byte	0
 145 0076 00       		.byte	0
 146 0077 00       		.byte	0
 147 0078 00       		.byte	0
 148 0079 00       		.byte	0
 149 007a 00       		.byte	0
 150 007b 00       		.byte	0
 151 007c 00       		.byte	0
 152 007d 00       		.byte	0
 153 007e 00       		.byte	0
 154 007f 00       		.byte	0
 155 0080 00       		.byte	0
 156 0081 00       		.byte	0
 157 0082 00       		.byte	0
 158 0083 00       		.byte	0
 159 0084 00       		.byte	0
 160 0085 00       		.byte	0
 161 0086 00       		.byte	0
 162 0087 00       		.byte	0
 163 0088 00       		.byte	0
 164 0089 00       		.byte	0
 165 008a 00       		.byte	0
 166 008b 00       		.byte	0
 167 008c 00       		.byte	0
 168 008d 00       		.byte	0
 169 008e 00       		.byte	0
 170 008f 00       		.byte	0
 171 0090 00       		.byte	0
 172 0091 00       		.byte	0
 173 0092 00       		.byte	0
ARM GAS  /tmp/ccbf03F2.s 			page 4


 174 0093 00       		.byte	0
 175 0094 00       		.byte	0
 176 0095 00       		.byte	0
 177 0096 00       		.byte	0
 178 0097 00       		.byte	0
 179 0098 00       		.byte	0
 180 0099 00       		.byte	0
 181 009a 00       		.byte	0
 182 009b 00       		.byte	0
 183 009c 00       		.byte	0
 184 009d 00       		.byte	0
 185 009e 00       		.byte	0
 186 009f 00       		.byte	0
 187 00a0 00       		.byte	0
 188 00a1 00       		.byte	0
 189 00a2 00       		.byte	0
 190 00a3 00       		.byte	0
 191 00a4 00       		.byte	0
 192 00a5 00       		.byte	0
 193 00a6 00       		.byte	0
 194 00a7 00       		.byte	0
 195 00a8 00       		.byte	0
 196 00a9 00       		.byte	0
 197 00aa 00       		.byte	0
 198 00ab 00       		.byte	0
 199 00ac 00       		.byte	0
 200 00ad 00       		.byte	0
 201 00ae 00       		.byte	0
 202 00af 00       		.byte	0
 203 00b0 00       		.byte	0
 204 00b1 00       		.byte	0
 205 00b2 00       		.byte	0
 206 00b3 00       		.byte	0
 207 00b4 00       		.byte	0
 208 00b5 00       		.byte	0
 209 00b6 00       		.byte	0
 210 00b7 00       		.byte	0
 211 00b8 00       		.byte	0
 212 00b9 00       		.byte	0
 213 00ba 00       		.byte	0
 214 00bb 00       		.byte	0
 215 00bc 00       		.byte	0
 216 00bd 00       		.byte	0
 217 00be 00       		.byte	0
 218 00bf 00       		.byte	0
 219 00c0 00       		.byte	0
 220 00c1 00       		.byte	0
 221 00c2 00       		.byte	0
 222 00c3 00       		.byte	0
 223 00c4 00       		.byte	0
 224 00c5 00       		.byte	0
 225 00c6 00       		.byte	0
 226 00c7 00       		.byte	0
 227 00c8 00       		.byte	0
 228 00c9 00       		.byte	0
 229 00ca 00       		.byte	0
 230 00cb 00       		.byte	0
ARM GAS  /tmp/ccbf03F2.s 			page 5


 231 00cc 00       		.byte	0
 232 00cd 00       		.byte	0
 233 00ce 00       		.byte	0
 234 00cf 00       		.byte	0
 235 00d0 00       		.byte	0
 236 00d1 00       		.byte	0
 237 00d2 00       		.byte	0
 238 00d3 00       		.byte	0
 239 00d4 00       		.byte	0
 240 00d5 00       		.byte	0
 241 00d6 00       		.byte	0
 242 00d7 00       		.byte	0
 243 00d8 00       		.byte	0
 244 00d9 00       		.byte	0
 245 00da 00       		.byte	0
 246 00db 00       		.byte	0
 247 00dc 00       		.byte	0
 248 00dd 00       		.byte	0
 249 00de 00       		.byte	0
 250 00df 00       		.byte	0
 251 00e0 00       		.byte	0
 252 00e1 00       		.byte	0
 253 00e2 00       		.byte	0
 254 00e3 00       		.byte	0
 255 00e4 00       		.byte	0
 256 00e5 00       		.byte	0
 257 00e6 00       		.byte	0
 258 00e7 00       		.byte	0
 259 00e8 00       		.byte	0
 260 00e9 00       		.byte	0
 261 00ea 00       		.byte	0
 262 00eb 00       		.byte	0
 263 00ec 00       		.byte	0
 264 00ed 00       		.byte	0
 265 00ee 00       		.byte	0
 266 00ef 00       		.byte	0
 267 00f0 00       		.byte	0
 268 00f1 00       		.byte	0
 269 00f2 00       		.byte	0
 270 00f3 00       		.byte	0
 271 00f4 00       		.byte	0
 272 00f5 00       		.byte	0
 273 00f6 00       		.byte	0
 274 00f7 00       		.byte	0
 275 00f8 00       		.byte	0
 276 00f9 00       		.byte	0
 277 00fa 00       		.byte	0
 278 00fb 00       		.byte	0
 279 00fc 00       		.byte	0
 280 00fd 00       		.byte	0
 281 00fe 00       		.byte	0
 282 00ff 00       		.byte	0
 283              		.text
 284              	.Letext0:
 285              		.file 1 "/home/deh/launchpad/gcc-arm-none-eabi-5_4-2016q3/arm-none-eabi/include/machine/_default_t
 286              		.file 2 "/home/deh/launchpad/gcc-arm-none-eabi-5_4-2016q3/arm-none-eabi/include/sys/_stdint.h"
 287              		.file 3 "Ourwares/hexbin.c"
ARM GAS  /tmp/ccbf03F2.s 			page 6


ARM GAS  /tmp/ccbf03F2.s 			page 7


DEFINED SYMBOLS
                            *ABS*:00000000 hexbin.c
     /tmp/ccbf03F2.s:26     .rodata.hxbn:00000000 hxbn
     /tmp/ccbf03F2.s:23     .rodata.hxbn:00000000 $d

NO UNDEFINED SYMBOLS
