ARM GAS  /tmp/ccQwXXZK.s 			page 1


   1              		.syntax unified
   2              		.cpu cortex-m4
   3              		.eabi_attribute 27, 1
   4              		.eabi_attribute 28, 1
   5              		.fpu fpv4-sp-d16
   6              		.eabi_attribute 20, 1
   7              		.eabi_attribute 21, 1
   8              		.eabi_attribute 23, 3
   9              		.eabi_attribute 24, 1
  10              		.eabi_attribute 25, 1
  11              		.eabi_attribute 26, 1
  12              		.eabi_attribute 30, 1
  13              		.eabi_attribute 34, 1
  14              		.eabi_attribute 18, 4
  15              		.thumb
  16              		.syntax unified
  17              		.file	"stm32l4xx_hal_timebase_tim.c"
  18              		.text
  19              	.Ltext0:
  20              		.cfi_sections	.debug_frame
  21              		.section	.text.HAL_InitTick,"ax",%progbits
  22              		.align	2
  23              		.global	HAL_InitTick
  24              		.thumb
  25              		.thumb_func
  27              	HAL_InitTick:
  28              	.LFB288:
  29              		.file 1 "Core/Src/stm32l4xx_hal_timebase_tim.c"
   1:Core/Src/stm32l4xx_hal_timebase_tim.c **** /* USER CODE BEGIN Header */
   2:Core/Src/stm32l4xx_hal_timebase_tim.c **** /**
   3:Core/Src/stm32l4xx_hal_timebase_tim.c ****   ******************************************************************************
   4:Core/Src/stm32l4xx_hal_timebase_tim.c ****   * @file    stm32l4xx_hal_timebase_TIM.c
   5:Core/Src/stm32l4xx_hal_timebase_tim.c ****   * @brief   HAL time base based on the hardware TIM.
   6:Core/Src/stm32l4xx_hal_timebase_tim.c ****   ******************************************************************************
   7:Core/Src/stm32l4xx_hal_timebase_tim.c ****   * @attention
   8:Core/Src/stm32l4xx_hal_timebase_tim.c ****   *
   9:Core/Src/stm32l4xx_hal_timebase_tim.c ****   * <h2><center>&copy; Copyright (c) 2023 STMicroelectronics.
  10:Core/Src/stm32l4xx_hal_timebase_tim.c ****   * All rights reserved.</center></h2>
  11:Core/Src/stm32l4xx_hal_timebase_tim.c ****   *
  12:Core/Src/stm32l4xx_hal_timebase_tim.c ****   * This software component is licensed by ST under BSD 3-Clause license,
  13:Core/Src/stm32l4xx_hal_timebase_tim.c ****   * the "License"; You may not use this file except in compliance with the
  14:Core/Src/stm32l4xx_hal_timebase_tim.c ****   * License. You may obtain a copy of the License at:
  15:Core/Src/stm32l4xx_hal_timebase_tim.c ****   *                        opensource.org/licenses/BSD-3-Clause
  16:Core/Src/stm32l4xx_hal_timebase_tim.c ****   *
  17:Core/Src/stm32l4xx_hal_timebase_tim.c ****   ******************************************************************************
  18:Core/Src/stm32l4xx_hal_timebase_tim.c ****   */
  19:Core/Src/stm32l4xx_hal_timebase_tim.c **** /* USER CODE END Header */
  20:Core/Src/stm32l4xx_hal_timebase_tim.c **** 
  21:Core/Src/stm32l4xx_hal_timebase_tim.c **** /* Includes ------------------------------------------------------------------*/
  22:Core/Src/stm32l4xx_hal_timebase_tim.c **** #include "stm32l4xx_hal.h"
  23:Core/Src/stm32l4xx_hal_timebase_tim.c **** #include "stm32l4xx_hal_tim.h"
  24:Core/Src/stm32l4xx_hal_timebase_tim.c **** 
  25:Core/Src/stm32l4xx_hal_timebase_tim.c **** /* Private typedef -----------------------------------------------------------*/
  26:Core/Src/stm32l4xx_hal_timebase_tim.c **** /* Private define ------------------------------------------------------------*/
  27:Core/Src/stm32l4xx_hal_timebase_tim.c **** /* Private macro -------------------------------------------------------------*/
  28:Core/Src/stm32l4xx_hal_timebase_tim.c **** /* Private variables ---------------------------------------------------------*/
  29:Core/Src/stm32l4xx_hal_timebase_tim.c **** TIM_HandleTypeDef        htim16;
ARM GAS  /tmp/ccQwXXZK.s 			page 2


  30:Core/Src/stm32l4xx_hal_timebase_tim.c **** /* Private function prototypes -----------------------------------------------*/
  31:Core/Src/stm32l4xx_hal_timebase_tim.c **** /* Private functions ---------------------------------------------------------*/
  32:Core/Src/stm32l4xx_hal_timebase_tim.c **** 
  33:Core/Src/stm32l4xx_hal_timebase_tim.c **** /**
  34:Core/Src/stm32l4xx_hal_timebase_tim.c ****   * @brief  This function configures the TIM16 as a time base source.
  35:Core/Src/stm32l4xx_hal_timebase_tim.c ****   *         The time source is configured  to have 1ms time base with a dedicated
  36:Core/Src/stm32l4xx_hal_timebase_tim.c ****   *         Tick interrupt priority.
  37:Core/Src/stm32l4xx_hal_timebase_tim.c ****   * @note   This function is called  automatically at the beginning of program after
  38:Core/Src/stm32l4xx_hal_timebase_tim.c ****   *         reset by HAL_Init() or at any time when clock is configured, by HAL_RCC_ClockConfig().
  39:Core/Src/stm32l4xx_hal_timebase_tim.c ****   * @param  TickPriority: Tick interrupt priority.
  40:Core/Src/stm32l4xx_hal_timebase_tim.c ****   * @retval HAL status
  41:Core/Src/stm32l4xx_hal_timebase_tim.c ****   */
  42:Core/Src/stm32l4xx_hal_timebase_tim.c **** HAL_StatusTypeDef HAL_InitTick(uint32_t TickPriority)
  43:Core/Src/stm32l4xx_hal_timebase_tim.c **** {
  30              		.loc 1 43 0
  31              		.cfi_startproc
  32              		@ args = 0, pretend = 0, frame = 32
  33              		@ frame_needed = 0, uses_anonymous_args = 0
  34              	.LVL0:
  35 0000 00B5     		push	{lr}
  36              	.LCFI0:
  37              		.cfi_def_cfa_offset 4
  38              		.cfi_offset 14, -4
  39 0002 89B0     		sub	sp, sp, #36
  40              	.LCFI1:
  41              		.cfi_def_cfa_offset 40
  42              	.LVL1:
  44:Core/Src/stm32l4xx_hal_timebase_tim.c ****   RCC_ClkInitTypeDef    clkconfig;
  45:Core/Src/stm32l4xx_hal_timebase_tim.c ****   uint32_t              uwTimclock = 0;
  46:Core/Src/stm32l4xx_hal_timebase_tim.c ****   uint32_t              uwPrescalerValue = 0;
  47:Core/Src/stm32l4xx_hal_timebase_tim.c ****   uint32_t              pFLatency;
  48:Core/Src/stm32l4xx_hal_timebase_tim.c ****   /*Configure the TIM16 IRQ priority */
  49:Core/Src/stm32l4xx_hal_timebase_tim.c ****   HAL_NVIC_SetPriority(TIM1_UP_TIM16_IRQn, TickPriority ,0);
  43              		.loc 1 49 0
  44 0004 0022     		movs	r2, #0
  45 0006 0146     		mov	r1, r0
  46 0008 1920     		movs	r0, #25
  47              	.LVL2:
  48 000a FFF7FEFF 		bl	HAL_NVIC_SetPriority
  49              	.LVL3:
  50:Core/Src/stm32l4xx_hal_timebase_tim.c **** 
  51:Core/Src/stm32l4xx_hal_timebase_tim.c ****   /* Enable the TIM16 global Interrupt */
  52:Core/Src/stm32l4xx_hal_timebase_tim.c ****   HAL_NVIC_EnableIRQ(TIM1_UP_TIM16_IRQn);
  50              		.loc 1 52 0
  51 000e 1920     		movs	r0, #25
  52 0010 FFF7FEFF 		bl	HAL_NVIC_EnableIRQ
  53              	.LVL4:
  54              	.LBB2:
  53:Core/Src/stm32l4xx_hal_timebase_tim.c **** 
  54:Core/Src/stm32l4xx_hal_timebase_tim.c ****   /* Enable TIM16 clock */
  55:Core/Src/stm32l4xx_hal_timebase_tim.c ****   __HAL_RCC_TIM16_CLK_ENABLE();
  55              		.loc 1 55 0
  56 0014 144B     		ldr	r3, .L5
  57 0016 1A6E     		ldr	r2, [r3, #96]
  58 0018 42F40032 		orr	r2, r2, #131072
  59 001c 1A66     		str	r2, [r3, #96]
  60 001e 1B6E     		ldr	r3, [r3, #96]
ARM GAS  /tmp/ccQwXXZK.s 			page 3


  61 0020 03F40033 		and	r3, r3, #131072
  62 0024 0193     		str	r3, [sp, #4]
  63 0026 019B     		ldr	r3, [sp, #4]
  64              	.LBE2:
  56:Core/Src/stm32l4xx_hal_timebase_tim.c **** 
  57:Core/Src/stm32l4xx_hal_timebase_tim.c ****   /* Get clock configuration */
  58:Core/Src/stm32l4xx_hal_timebase_tim.c ****   HAL_RCC_GetClockConfig(&clkconfig, &pFLatency);
  65              		.loc 1 58 0
  66 0028 02A9     		add	r1, sp, #8
  67 002a 03A8     		add	r0, sp, #12
  68 002c FFF7FEFF 		bl	HAL_RCC_GetClockConfig
  69              	.LVL5:
  59:Core/Src/stm32l4xx_hal_timebase_tim.c **** 
  60:Core/Src/stm32l4xx_hal_timebase_tim.c ****   /* Compute TIM16 clock */
  61:Core/Src/stm32l4xx_hal_timebase_tim.c ****   uwTimclock = HAL_RCC_GetPCLK2Freq();
  70              		.loc 1 61 0
  71 0030 FFF7FEFF 		bl	HAL_RCC_GetPCLK2Freq
  72              	.LVL6:
  62:Core/Src/stm32l4xx_hal_timebase_tim.c ****   /* Compute the prescaler value to have TIM16 counter clock equal to 1MHz */
  63:Core/Src/stm32l4xx_hal_timebase_tim.c ****   uwPrescalerValue = (uint32_t) ((uwTimclock / 1000000U) - 1U);
  73              		.loc 1 63 0
  74 0034 0D4B     		ldr	r3, .L5+4
  75 0036 A3FB0023 		umull	r2, r3, r3, r0
  76 003a 9B0C     		lsrs	r3, r3, #18
  77 003c 013B     		subs	r3, r3, #1
  78              	.LVL7:
  64:Core/Src/stm32l4xx_hal_timebase_tim.c **** 
  65:Core/Src/stm32l4xx_hal_timebase_tim.c ****   /* Initialize TIM16 */
  66:Core/Src/stm32l4xx_hal_timebase_tim.c ****   htim16.Instance = TIM16;
  79              		.loc 1 66 0
  80 003e 0C48     		ldr	r0, .L5+8
  81              	.LVL8:
  82 0040 0C4A     		ldr	r2, .L5+12
  83 0042 0260     		str	r2, [r0]
  67:Core/Src/stm32l4xx_hal_timebase_tim.c **** 
  68:Core/Src/stm32l4xx_hal_timebase_tim.c ****   /* Initialize TIMx peripheral as follow:
  69:Core/Src/stm32l4xx_hal_timebase_tim.c ****   + Period = [(TIM16CLK/1000) - 1]. to have a (1/1000) s time base.
  70:Core/Src/stm32l4xx_hal_timebase_tim.c ****   + Prescaler = (uwTimclock/1000000 - 1) to have a 1MHz counter clock.
  71:Core/Src/stm32l4xx_hal_timebase_tim.c ****   + ClockDivision = 0
  72:Core/Src/stm32l4xx_hal_timebase_tim.c ****   + Counter direction = Up
  73:Core/Src/stm32l4xx_hal_timebase_tim.c ****   */
  74:Core/Src/stm32l4xx_hal_timebase_tim.c ****   htim16.Init.Period = (1000000U / 1000U) - 1U;
  84              		.loc 1 74 0
  85 0044 40F2E732 		movw	r2, #999
  86 0048 C260     		str	r2, [r0, #12]
  75:Core/Src/stm32l4xx_hal_timebase_tim.c ****   htim16.Init.Prescaler = uwPrescalerValue;
  87              		.loc 1 75 0
  88 004a 4360     		str	r3, [r0, #4]
  76:Core/Src/stm32l4xx_hal_timebase_tim.c ****   htim16.Init.ClockDivision = 0;
  89              		.loc 1 76 0
  90 004c 0023     		movs	r3, #0
  91              	.LVL9:
  92 004e 0361     		str	r3, [r0, #16]
  77:Core/Src/stm32l4xx_hal_timebase_tim.c ****   htim16.Init.CounterMode = TIM_COUNTERMODE_UP;
  93              		.loc 1 77 0
  94 0050 8360     		str	r3, [r0, #8]
  78:Core/Src/stm32l4xx_hal_timebase_tim.c **** 
ARM GAS  /tmp/ccQwXXZK.s 			page 4


  79:Core/Src/stm32l4xx_hal_timebase_tim.c ****   if(HAL_TIM_Base_Init(&htim16) == HAL_OK)
  95              		.loc 1 79 0
  96 0052 FFF7FEFF 		bl	HAL_TIM_Base_Init
  97              	.LVL10:
  98 0056 18B9     		cbnz	r0, .L3
  80:Core/Src/stm32l4xx_hal_timebase_tim.c ****   {
  81:Core/Src/stm32l4xx_hal_timebase_tim.c ****     /* Start the TIM time Base generation in interrupt mode */
  82:Core/Src/stm32l4xx_hal_timebase_tim.c ****     return HAL_TIM_Base_Start_IT(&htim16);
  99              		.loc 1 82 0
 100 0058 0548     		ldr	r0, .L5+8
 101 005a FFF7FEFF 		bl	HAL_TIM_Base_Start_IT
 102              	.LVL11:
 103 005e 00E0     		b	.L2
 104              	.L3:
  83:Core/Src/stm32l4xx_hal_timebase_tim.c ****   }
  84:Core/Src/stm32l4xx_hal_timebase_tim.c **** 
  85:Core/Src/stm32l4xx_hal_timebase_tim.c ****   /* Return function status */
  86:Core/Src/stm32l4xx_hal_timebase_tim.c ****   return HAL_ERROR;
 105              		.loc 1 86 0
 106 0060 0120     		movs	r0, #1
 107              	.L2:
  87:Core/Src/stm32l4xx_hal_timebase_tim.c **** }
 108              		.loc 1 87 0
 109 0062 09B0     		add	sp, sp, #36
 110              	.LCFI2:
 111              		.cfi_def_cfa_offset 4
 112              		@ sp needed
 113 0064 5DF804FB 		ldr	pc, [sp], #4
 114              	.L6:
 115              		.align	2
 116              	.L5:
 117 0068 00100240 		.word	1073876992
 118 006c 83DE1B43 		.word	1125899907
 119 0070 00000000 		.word	htim16
 120 0074 00440140 		.word	1073824768
 121              		.cfi_endproc
 122              	.LFE288:
 124              		.section	.text.HAL_SuspendTick,"ax",%progbits
 125              		.align	2
 126              		.global	HAL_SuspendTick
 127              		.thumb
 128              		.thumb_func
 130              	HAL_SuspendTick:
 131              	.LFB289:
  88:Core/Src/stm32l4xx_hal_timebase_tim.c **** 
  89:Core/Src/stm32l4xx_hal_timebase_tim.c **** /**
  90:Core/Src/stm32l4xx_hal_timebase_tim.c ****   * @brief  Suspend Tick increment.
  91:Core/Src/stm32l4xx_hal_timebase_tim.c ****   * @note   Disable the tick increment by disabling TIM16 update interrupt.
  92:Core/Src/stm32l4xx_hal_timebase_tim.c ****   * @param  None
  93:Core/Src/stm32l4xx_hal_timebase_tim.c ****   * @retval None
  94:Core/Src/stm32l4xx_hal_timebase_tim.c ****   */
  95:Core/Src/stm32l4xx_hal_timebase_tim.c **** void HAL_SuspendTick(void)
  96:Core/Src/stm32l4xx_hal_timebase_tim.c **** {
 132              		.loc 1 96 0
 133              		.cfi_startproc
 134              		@ args = 0, pretend = 0, frame = 0
 135              		@ frame_needed = 0, uses_anonymous_args = 0
ARM GAS  /tmp/ccQwXXZK.s 			page 5


 136              		@ link register save eliminated.
  97:Core/Src/stm32l4xx_hal_timebase_tim.c ****   /* Disable TIM16 update Interrupt */
  98:Core/Src/stm32l4xx_hal_timebase_tim.c ****   __HAL_TIM_DISABLE_IT(&htim16, TIM_IT_UPDATE);
 137              		.loc 1 98 0
 138 0000 034B     		ldr	r3, .L8
 139 0002 1A68     		ldr	r2, [r3]
 140 0004 D368     		ldr	r3, [r2, #12]
 141 0006 23F00103 		bic	r3, r3, #1
 142 000a D360     		str	r3, [r2, #12]
 143 000c 7047     		bx	lr
 144              	.L9:
 145 000e 00BF     		.align	2
 146              	.L8:
 147 0010 00000000 		.word	htim16
 148              		.cfi_endproc
 149              	.LFE289:
 151              		.section	.text.HAL_ResumeTick,"ax",%progbits
 152              		.align	2
 153              		.global	HAL_ResumeTick
 154              		.thumb
 155              		.thumb_func
 157              	HAL_ResumeTick:
 158              	.LFB290:
  99:Core/Src/stm32l4xx_hal_timebase_tim.c **** }
 100:Core/Src/stm32l4xx_hal_timebase_tim.c **** 
 101:Core/Src/stm32l4xx_hal_timebase_tim.c **** /**
 102:Core/Src/stm32l4xx_hal_timebase_tim.c ****   * @brief  Resume Tick increment.
 103:Core/Src/stm32l4xx_hal_timebase_tim.c ****   * @note   Enable the tick increment by Enabling TIM16 update interrupt.
 104:Core/Src/stm32l4xx_hal_timebase_tim.c ****   * @param  None
 105:Core/Src/stm32l4xx_hal_timebase_tim.c ****   * @retval None
 106:Core/Src/stm32l4xx_hal_timebase_tim.c ****   */
 107:Core/Src/stm32l4xx_hal_timebase_tim.c **** void HAL_ResumeTick(void)
 108:Core/Src/stm32l4xx_hal_timebase_tim.c **** {
 159              		.loc 1 108 0
 160              		.cfi_startproc
 161              		@ args = 0, pretend = 0, frame = 0
 162              		@ frame_needed = 0, uses_anonymous_args = 0
 163              		@ link register save eliminated.
 109:Core/Src/stm32l4xx_hal_timebase_tim.c ****   /* Enable TIM16 Update interrupt */
 110:Core/Src/stm32l4xx_hal_timebase_tim.c ****   __HAL_TIM_ENABLE_IT(&htim16, TIM_IT_UPDATE);
 164              		.loc 1 110 0
 165 0000 034B     		ldr	r3, .L11
 166 0002 1A68     		ldr	r2, [r3]
 167 0004 D368     		ldr	r3, [r2, #12]
 168 0006 43F00103 		orr	r3, r3, #1
 169 000a D360     		str	r3, [r2, #12]
 170 000c 7047     		bx	lr
 171              	.L12:
 172 000e 00BF     		.align	2
 173              	.L11:
 174 0010 00000000 		.word	htim16
 175              		.cfi_endproc
 176              	.LFE290:
 178              		.comm	htim16,76,4
 179              		.text
 180              	.Letext0:
 181              		.file 2 "/home/deh/launchpad/gcc-arm-none-eabi-5_4-2016q3/arm-none-eabi/include/machine/_default_t
ARM GAS  /tmp/ccQwXXZK.s 			page 6


 182              		.file 3 "/home/deh/launchpad/gcc-arm-none-eabi-5_4-2016q3/arm-none-eabi/include/sys/_stdint.h"
 183              		.file 4 "Drivers/CMSIS/Device/ST/STM32L4xx/Include/stm32l431xx.h"
 184              		.file 5 "Drivers/STM32L4xx_HAL_Driver/Inc/stm32l4xx_hal_def.h"
 185              		.file 6 "Drivers/STM32L4xx_HAL_Driver/Inc/stm32l4xx_hal_rcc.h"
 186              		.file 7 "Drivers/STM32L4xx_HAL_Driver/Inc/stm32l4xx_hal_dma.h"
 187              		.file 8 "Drivers/STM32L4xx_HAL_Driver/Inc/stm32l4xx_hal_tim.h"
 188              		.file 9 "Drivers/CMSIS/Include/cmsis_gcc.h"
 189              		.file 10 "Drivers/CMSIS/Include/core_cm4.h"
 190              		.file 11 "Drivers/STM32L4xx_HAL_Driver/Inc/stm32l4xx_hal_cortex.h"
ARM GAS  /tmp/ccQwXXZK.s 			page 7


DEFINED SYMBOLS
                            *ABS*:00000000 stm32l4xx_hal_timebase_tim.c
     /tmp/ccQwXXZK.s:22     .text.HAL_InitTick:00000000 $t
     /tmp/ccQwXXZK.s:27     .text.HAL_InitTick:00000000 HAL_InitTick
     /tmp/ccQwXXZK.s:117    .text.HAL_InitTick:00000068 $d
                            *COM*:0000004c htim16
     /tmp/ccQwXXZK.s:125    .text.HAL_SuspendTick:00000000 $t
     /tmp/ccQwXXZK.s:130    .text.HAL_SuspendTick:00000000 HAL_SuspendTick
     /tmp/ccQwXXZK.s:147    .text.HAL_SuspendTick:00000010 $d
     /tmp/ccQwXXZK.s:152    .text.HAL_ResumeTick:00000000 $t
     /tmp/ccQwXXZK.s:157    .text.HAL_ResumeTick:00000000 HAL_ResumeTick
     /tmp/ccQwXXZK.s:174    .text.HAL_ResumeTick:00000010 $d
                     .debug_frame:00000010 $d

UNDEFINED SYMBOLS
HAL_NVIC_SetPriority
HAL_NVIC_EnableIRQ
HAL_RCC_GetClockConfig
HAL_RCC_GetPCLK2Freq
HAL_TIM_Base_Init
HAL_TIM_Base_Start_IT
